Started GET "/" for 127.0.0.1 at 2022-09-15 18:25:33 +0700
Processing by Rails::WelcomeController#index as HTML
  Rendering /home/fnachatoy/.rvm/gems/ruby-2.7.6/gems/railties-7.0.4/lib/rails/templates/rails/welcome/index.html.erb
  Rendered /home/fnachatoy/.rvm/gems/ruby-2.7.6/gems/railties-7.0.4/lib/rails/templates/rails/welcome/index.html.erb (Duration: 1.2ms | Allocations: 666)
Completed 200 OK in 12ms (Views: 5.1ms | ActiveRecord: 0.0ms | Allocations: 6482)


Started GET "/" for 127.0.0.1 at 2022-09-15 18:32:36 +0700
Processing by Rails::WelcomeController#index as HTML
  Rendering /home/fnachatoy/.rvm/gems/ruby-2.7.6/gems/railties-7.0.4/lib/rails/templates/rails/welcome/index.html.erb
  Rendered /home/fnachatoy/.rvm/gems/ruby-2.7.6/gems/railties-7.0.4/lib/rails/templates/rails/welcome/index.html.erb (Duration: 1.1ms | Allocations: 559)
Completed 200 OK in 8ms (Views: 3.1ms | ActiveRecord: 0.0ms | Allocations: 5191)


Started GET "/" for 127.0.0.1 at 2022-09-15 18:39:52 +0700
  [1m[35m (9.2ms)[0m  [1m[35mCREATE TABLE "schema_migrations" ("version" varchar NOT NULL PRIMARY KEY)[0m
  [1m[35m (6.4ms)[0m  [1m[35mCREATE TABLE "ar_internal_metadata" ("key" varchar NOT NULL PRIMARY KEY, "value" varchar, "created_at" datetime(6) NOT NULL, "updated_at" datetime(6) NOT NULL)[0m
  [1m[36mActiveRecord::SchemaMigration Pluck (0.1ms)[0m  [1m[34mSELECT "schema_migrations"."version" FROM "schema_migrations" ORDER BY "schema_migrations"."version" ASC[0m
  
ActiveRecord::PendingMigrationError (

Migrations are pending. To resolve this issue, run:

        bin/rails db:migrate RAILS_ENV=development

You have 1 pending migration:

20220915113840_create_testqs.rb


):
  
activerecord (7.0.4) lib/active_record/migration.rb:627:in `check_pending!'
activerecord (7.0.4) lib/active_record/migration.rb:592:in `block (2 levels) in call'
activesupport (7.0.4) lib/active_support/file_update_checker.rb:83:in `execute'
activerecord (7.0.4) lib/active_record/migration.rb:597:in `block in call'
activerecord (7.0.4) lib/active_record/migration.rb:589:in `synchronize'
activerecord (7.0.4) lib/active_record/migration.rb:589:in `call'
actionpack (7.0.4) lib/action_dispatch/middleware/callbacks.rb:27:in `block in call'
activesupport (7.0.4) lib/active_support/callbacks.rb:99:in `run_callbacks'
actionpack (7.0.4) lib/action_dispatch/middleware/callbacks.rb:26:in `call'
actionpack (7.0.4) lib/action_dispatch/middleware/executor.rb:14:in `call'
actionpack (7.0.4) lib/action_dispatch/middleware/actionable_exceptions.rb:17:in `call'
actionpack (7.0.4) lib/action_dispatch/middleware/debug_exceptions.rb:28:in `call'
web-console (4.2.0) lib/web_console/middleware.rb:132:in `call_app'
web-console (4.2.0) lib/web_console/middleware.rb:28:in `block in call'
web-console (4.2.0) lib/web_console/middleware.rb:17:in `catch'
web-console (4.2.0) lib/web_console/middleware.rb:17:in `call'
actionpack (7.0.4) lib/action_dispatch/middleware/show_exceptions.rb:26:in `call'
railties (7.0.4) lib/rails/rack/logger.rb:40:in `call_app'
railties (7.0.4) lib/rails/rack/logger.rb:25:in `block in call'
activesupport (7.0.4) lib/active_support/tagged_logging.rb:99:in `block in tagged'
activesupport (7.0.4) lib/active_support/tagged_logging.rb:37:in `tagged'
activesupport (7.0.4) lib/active_support/tagged_logging.rb:99:in `tagged'
railties (7.0.4) lib/rails/rack/logger.rb:25:in `call'
sprockets-rails (3.4.2) lib/sprockets/rails/quiet_assets.rb:13:in `call'
actionpack (7.0.4) lib/action_dispatch/middleware/remote_ip.rb:93:in `call'
actionpack (7.0.4) lib/action_dispatch/middleware/request_id.rb:26:in `call'
rack (2.2.4) lib/rack/method_override.rb:24:in `call'
rack (2.2.4) lib/rack/runtime.rb:22:in `call'
activesupport (7.0.4) lib/active_support/cache/strategy/local_cache_middleware.rb:29:in `call'
actionpack (7.0.4) lib/action_dispatch/middleware/server_timing.rb:61:in `block in call'
actionpack (7.0.4) lib/action_dispatch/middleware/server_timing.rb:26:in `collect_events'
actionpack (7.0.4) lib/action_dispatch/middleware/server_timing.rb:60:in `call'
actionpack (7.0.4) lib/action_dispatch/middleware/executor.rb:14:in `call'
actionpack (7.0.4) lib/action_dispatch/middleware/static.rb:23:in `call'
rack (2.2.4) lib/rack/sendfile.rb:110:in `call'
actionpack (7.0.4) lib/action_dispatch/middleware/host_authorization.rb:137:in `call'
railties (7.0.4) lib/rails/engine.rb:530:in `call'
railties (7.0.4) lib/rails/railtie.rb:226:in `public_send'
railties (7.0.4) lib/rails/railtie.rb:226:in `method_missing'
rack (2.2.4) lib/rack/urlmap.rb:74:in `block in call'
rack (2.2.4) lib/rack/urlmap.rb:58:in `each'
rack (2.2.4) lib/rack/urlmap.rb:58:in `call'
puma (5.6.5) lib/puma/configuration.rb:252:in `call'
puma (5.6.5) lib/puma/request.rb:77:in `block in handle_request'
puma (5.6.5) lib/puma/thread_pool.rb:340:in `with_force_shutdown'
puma (5.6.5) lib/puma/request.rb:76:in `handle_request'
puma (5.6.5) lib/puma/server.rb:443:in `process_client'
puma (5.6.5) lib/puma/thread_pool.rb:147:in `block in spawn_thread'
Started POST "/rails/actions" for 127.0.0.1 at 2022-09-15 18:39:54 +0700
  [1m[36mActiveRecord::SchemaMigration Pluck (0.0ms)[0m  [1m[34mSELECT "schema_migrations"."version" FROM "schema_migrations" ORDER BY "schema_migrations"."version" ASC[0m
Migrating to CreateTestqs (20220915113840)
  [1m[36mTRANSACTION (0.1ms)[0m  [1m[36mbegin transaction[0m
  [1m[35m (0.3ms)[0m  [1m[35mCREATE TABLE "testqs" ("id" integer PRIMARY KEY AUTOINCREMENT NOT NULL, "countq" integer, "nowq" integer, "commentq" varchar, "created_at" datetime(6) NOT NULL, "updated_at" datetime(6) NOT NULL)[0m
  [1m[36mActiveRecord::SchemaMigration Create (0.3ms)[0m  [1m[32mINSERT INTO "schema_migrations" ("version") VALUES (?)[0m  [["version", "20220915113840"]]
  [1m[36mTRANSACTION (18.8ms)[0m  [1m[36mcommit transaction[0m
  [1m[36mActiveRecord::InternalMetadata Load (0.1ms)[0m  [1m[34mSELECT "ar_internal_metadata".* FROM "ar_internal_metadata" WHERE "ar_internal_metadata"."key" = ? LIMIT ?[0m  [["key", "environment"], ["LIMIT", 1]]
  [1m[36mTRANSACTION (0.1ms)[0m  [1m[36mbegin transaction[0m
  [1m[36mActiveRecord::InternalMetadata Create (0.2ms)[0m  [1m[32mINSERT INTO "ar_internal_metadata" ("key", "value", "created_at", "updated_at") VALUES (?, ?, ?, ?)[0m  [["key", "environment"], ["value", "development"], ["created_at", "2022-09-15 11:39:54.342838"], ["updated_at", "2022-09-15 11:39:54.342838"]]
  [1m[36mTRANSACTION (7.4ms)[0m  [1m[36mcommit transaction[0m
  [1m[36mActiveRecord::SchemaMigration Pluck (0.1ms)[0m  [1m[34mSELECT "schema_migrations"."version" FROM "schema_migrations" ORDER BY "schema_migrations"."version" ASC[0m
Started GET "/" for 127.0.0.1 at 2022-09-15 18:39:54 +0700
  [1m[36mActiveRecord::SchemaMigration Pluck (0.8ms)[0m  [1m[34mSELECT "schema_migrations"."version" FROM "schema_migrations" ORDER BY "schema_migrations"."version" ASC[0m
Processing by Rails::WelcomeController#index as HTML
  Rendering /home/fnachatoy/.rvm/gems/ruby-2.7.6/gems/railties-7.0.4/lib/rails/templates/rails/welcome/index.html.erb
  Rendered /home/fnachatoy/.rvm/gems/ruby-2.7.6/gems/railties-7.0.4/lib/rails/templates/rails/welcome/index.html.erb (Duration: 2.0ms | Allocations: 360)
Completed 200 OK in 8ms (Views: 3.9ms | ActiveRecord: 0.0ms | Allocations: 3372)


Started GET "/testqs" for 127.0.0.1 at 2022-09-15 18:40:03 +0700
Processing by TestqsController#index as HTML
  Rendering layout layouts/application.html.erb
  Rendering testqs/index.html.erb within layouts/application
  [1m[36mTestq Load (0.2ms)[0m  [1m[34mSELECT "testqs".* FROM "testqs"[0m
  ↳ app/views/testqs/index.html.erb:6
  Rendered testqs/index.html.erb within layouts/application (Duration: 4.7ms | Allocations: 1010)
  Rendered layout layouts/application.html.erb (Duration: 207.8ms | Allocations: 92027)
Completed 200 OK in 211ms (Views: 208.8ms | ActiveRecord: 0.2ms | Allocations: 93427)


Started GET "/testqs/new" for 127.0.0.1 at 2022-09-15 18:40:05 +0700
Processing by TestqsController#new as HTML
  Rendering layout layouts/application.html.erb
  Rendering testqs/new.html.erb within layouts/application
  Rendered testqs/_form.html.erb (Duration: 12.2ms | Allocations: 5364)
  Rendered testqs/new.html.erb within layouts/application (Duration: 13.3ms | Allocations: 5650)
  Rendered layout layouts/application.html.erb (Duration: 16.0ms | Allocations: 7823)
Completed 200 OK in 39ms (Views: 16.7ms | ActiveRecord: 1.5ms | Allocations: 22234)


Started POST "/testqs" for 127.0.0.1 at 2022-09-15 18:40:08 +0700
Processing by TestqsController#create as TURBO_STREAM
  Parameters: {"authenticity_token"=>"[FILTERED]", "testq"=>{"countq"=>"1", "nowq"=>"1", "commentq"=>""}, "commit"=>"Create Testq"}
Completed 500 Internal Server Error in 13ms (ActiveRecord: 0.0ms | Allocations: 2712)


  
NameError (uninitialized constant TestqsController::SimpleJob
Did you mean?  Simplejob):
  
app/controllers/testqs_controller.rb:25:in `create'
Started GET "/testqs/new" for 127.0.0.1 at 2022-09-15 18:40:19 +0700
Processing by TestqsController#new as HTML
  Rendering layout layouts/application.html.erb
  Rendering testqs/new.html.erb within layouts/application
  Rendered testqs/_form.html.erb (Duration: 1.8ms | Allocations: 1331)
  Rendered testqs/new.html.erb within layouts/application (Duration: 2.1ms | Allocations: 1412)
  Rendered layout layouts/application.html.erb (Duration: 11.9ms | Allocations: 15006)
Completed 200 OK in 19ms (Views: 12.8ms | ActiveRecord: 0.7ms | Allocations: 17780)


Started POST "/testqs" for 127.0.0.1 at 2022-09-15 18:40:46 +0700
Processing by TestqsController#create as TURBO_STREAM
  Parameters: {"authenticity_token"=>"[FILTERED]", "testq"=>{"countq"=>"1", "nowq"=>"2", "commentq"=>"3"}, "commit"=>"Create Testq"}
Completed 500 Internal Server Error in 2ms (ActiveRecord: 0.0ms | Allocations: 909)


  
Zeitwerk::NameError (expected file /home/fnachatoy/resque_ruby/resqueruby/app/jobs/simplejob.rb to define constant Simplejob, but didn't):
  
app/controllers/testqs_controller.rb:25:in `create'
Started GET "/testqs/new" for 127.0.0.1 at 2022-09-15 18:41:58 +0700
Processing by TestqsController#new as HTML
  Rendering layout layouts/application.html.erb
  Rendering testqs/new.html.erb within layouts/application
  Rendered testqs/_form.html.erb (Duration: 3.1ms | Allocations: 1339)
  Rendered testqs/new.html.erb within layouts/application (Duration: 3.3ms | Allocations: 1420)
  Rendered layout layouts/application.html.erb (Duration: 18.7ms | Allocations: 15005)
Completed 200 OK in 24ms (Views: 19.6ms | ActiveRecord: 0.6ms | Allocations: 17758)


Started POST "/testqs" for 127.0.0.1 at 2022-09-15 18:42:57 +0700
  [1m[36mActiveRecord::SchemaMigration Pluck (0.1ms)[0m  [1m[34mSELECT "schema_migrations"."version" FROM "schema_migrations" ORDER BY "schema_migrations"."version" ASC[0m
Processing by TestqsController#create as TURBO_STREAM
  Parameters: {"authenticity_token"=>"[FILTERED]", "testq"=>{"countq"=>"", "nowq"=>"", "commentq"=>""}, "commit"=>"Create Testq"}
Completed 500 Internal Server Error in 23ms (ActiveRecord: 0.4ms | Allocations: 21559)


  
NameError (undefined local variable or method `simplejob' for #<TestqsController:0x0000000000b950>):
  
app/controllers/testqs_controller.rb:25:in `create'
Started GET "/testqs" for 127.0.0.1 at 2022-09-15 18:42:59 +0700
Processing by TestqsController#index as HTML
  Rendering layout layouts/application.html.erb
  Rendering testqs/index.html.erb within layouts/application
  [1m[36mTestq Load (0.3ms)[0m  [1m[34mSELECT "testqs".* FROM "testqs"[0m
  ↳ app/views/testqs/index.html.erb:6
  Rendered testqs/index.html.erb within layouts/application (Duration: 3.9ms | Allocations: 1060)
  Rendered layout layouts/application.html.erb (Duration: 44.8ms | Allocations: 34368)
Completed 200 OK in 49ms (Views: 47.6ms | ActiveRecord: 0.3ms | Allocations: 35385)


Started GET "/testqs" for 127.0.0.1 at 2022-09-15 18:42:59 +0700
Processing by TestqsController#index as HTML
  Rendering layout layouts/application.html.erb
  Rendering testqs/index.html.erb within layouts/application
  [1m[36mTestq Load (0.1ms)[0m  [1m[34mSELECT "testqs".* FROM "testqs"[0m
  ↳ app/views/testqs/index.html.erb:6
  Rendered testqs/index.html.erb within layouts/application (Duration: 1.1ms | Allocations: 773)
  Rendered layout layouts/application.html.erb (Duration: 3.6ms | Allocations: 2938)
Completed 200 OK in 4ms (Views: 3.8ms | ActiveRecord: 0.1ms | Allocations: 3193)


Started GET "/testqs/new" for 127.0.0.1 at 2022-09-15 18:43:00 +0700
Processing by TestqsController#new as HTML
  Rendering layout layouts/application.html.erb
  Rendering testqs/new.html.erb within layouts/application
  Rendered testqs/_form.html.erb (Duration: 13.7ms | Allocations: 3770)
  Rendered testqs/new.html.erb within layouts/application (Duration: 16.1ms | Allocations: 4051)
  Rendered layout layouts/application.html.erb (Duration: 21.5ms | Allocations: 6225)
Completed 200 OK in 24ms (Views: 22.6ms | ActiveRecord: 0.0ms | Allocations: 6542)


Started POST "/testqs" for 127.0.0.1 at 2022-09-15 18:43:03 +0700
Processing by TestqsController#create as TURBO_STREAM
  Parameters: {"authenticity_token"=>"[FILTERED]", "testq"=>{"countq"=>"2", "nowq"=>"2", "commentq"=>"2"}, "commit"=>"Create Testq"}
Completed 500 Internal Server Error in 24ms (ActiveRecord: 0.0ms | Allocations: 3359)


  
NameError (undefined local variable or method `simplejob' for #<TestqsController:0x0000000000c058>):
  
app/controllers/testqs_controller.rb:25:in `create'
Started GET "/testqs/new" for 127.0.0.1 at 2022-09-15 18:43:13 +0700
Processing by TestqsController#new as HTML
  Rendering layout layouts/application.html.erb
  Rendering testqs/new.html.erb within layouts/application
  Rendered testqs/_form.html.erb (Duration: 8.5ms | Allocations: 1316)
  Rendered testqs/new.html.erb within layouts/application (Duration: 9.2ms | Allocations: 1396)
  Rendered layout layouts/application.html.erb (Duration: 13.9ms | Allocations: 3578)
Completed 200 OK in 16ms (Views: 14.8ms | ActiveRecord: 0.0ms | Allocations: 3844)


Started GET "/testqs/new" for 127.0.0.1 at 2022-09-15 18:43:13 +0700
Processing by TestqsController#new as HTML
  Rendering layout layouts/application.html.erb
  Rendering testqs/new.html.erb within layouts/application
  Rendered testqs/_form.html.erb (Duration: 4.7ms | Allocations: 1308)
  Rendered testqs/new.html.erb within layouts/application (Duration: 5.3ms | Allocations: 1388)
  Rendered layout layouts/application.html.erb (Duration: 12.2ms | Allocations: 3553)
Completed 200 OK in 14ms (Views: 13.6ms | ActiveRecord: 0.0ms | Allocations: 3809)


Started GET "/testqs/new" for 127.0.0.1 at 2022-09-15 18:43:14 +0700
Processing by TestqsController#new as HTML
  Rendering layout layouts/application.html.erb
  Rendering testqs/new.html.erb within layouts/application
  Rendered testqs/_form.html.erb (Duration: 5.7ms | Allocations: 1322)
  Rendered testqs/new.html.erb within layouts/application (Duration: 6.6ms | Allocations: 1402)
  Rendered layout layouts/application.html.erb (Duration: 14.0ms | Allocations: 3568)
Completed 200 OK in 17ms (Views: 15.3ms | ActiveRecord: 0.0ms | Allocations: 3824)


Started POST "/testqs" for 127.0.0.1 at 2022-09-15 18:43:17 +0700
Processing by TestqsController#create as TURBO_STREAM
  Parameters: {"authenticity_token"=>"[FILTERED]", "testq"=>{"countq"=>"4", "nowq"=>"4", "commentq"=>"4"}, "commit"=>"Create Testq"}
Completed 500 Internal Server Error in 8ms (ActiveRecord: 0.0ms | Allocations: 3355)


  
NameError (undefined local variable or method `simplejob' for #<TestqsController:0x0000000000c418>):
  
app/controllers/testqs_controller.rb:25:in `create'
Started GET "/testqs/new" for 127.0.0.1 at 2022-09-15 18:45:31 +0700
  [1m[36mActiveRecord::SchemaMigration Pluck (0.2ms)[0m  [1m[34mSELECT "schema_migrations"."version" FROM "schema_migrations" ORDER BY "schema_migrations"."version" ASC[0m
Processing by TestqsController#new as HTML
  Rendering layout layouts/application.html.erb
  Rendering testqs/new.html.erb within layouts/application
  Rendered testqs/_form.html.erb (Duration: 7.4ms | Allocations: 3848)
  Rendered testqs/new.html.erb within layouts/application (Duration: 8.7ms | Allocations: 4340)
  Rendered layout layouts/application.html.erb (Duration: 45.3ms | Allocations: 37830)
Completed 200 OK in 63ms (Views: 47.4ms | ActiveRecord: 0.4ms | Allocations: 58485)


Started POST "/testqs" for 127.0.0.1 at 2022-09-15 18:45:37 +0700
Processing by TestqsController#create as TURBO_STREAM
  Parameters: {"authenticity_token"=>"[FILTERED]", "testq"=>{"countq"=>"1", "nowq"=>"1", "commentq"=>"1"}, "commit"=>"Create Testq"}
  [1m[36mTRANSACTION (0.2ms)[0m  [1m[36mbegin transaction[0m
  ↳ app/controllers/testqs_controller.rb:27:in `block in create'
  [1m[36mTestq Create (0.6ms)[0m  [1m[32mINSERT INTO "testqs" ("countq", "nowq", "commentq", "created_at", "updated_at") VALUES (?, ?, ?, ?, ?)[0m  [["countq", 1], ["nowq", 1], ["commentq", "1"], ["created_at", "2022-09-15 11:45:37.134091"], ["updated_at", "2022-09-15 11:45:37.134091"]]
  ↳ app/controllers/testqs_controller.rb:27:in `block in create'
  [1m[36mTRANSACTION (4.6ms)[0m  [1m[36mcommit transaction[0m
  ↳ app/controllers/testqs_controller.rb:27:in `block in create'
Redirected to http://127.0.0.1:3000/testqs/1
Completed 302 Found in 19ms (ActiveRecord: 5.4ms | Allocations: 3775)


Started GET "/testqs/1" for 127.0.0.1 at 2022-09-15 18:45:37 +0700
Processing by TestqsController#show as TURBO_STREAM
  Parameters: {"id"=>"1"}
  [1m[36mTestq Load (0.2ms)[0m  [1m[34mSELECT "testqs".* FROM "testqs" WHERE "testqs"."id" = ? LIMIT ?[0m  [["id", 1], ["LIMIT", 1]]
  ↳ app/controllers/testqs_controller.rb:63:in `set_testq'
  Rendering layout layouts/application.html.erb
  Rendering testqs/show.html.erb within layouts/application
  Rendered testqs/_testq.html.erb (Duration: 0.5ms | Allocations: 217)
  Rendered testqs/show.html.erb within layouts/application (Duration: 3.5ms | Allocations: 1408)
  Rendered layout layouts/application.html.erb (Duration: 6.0ms | Allocations: 3574)
Completed 200 OK in 10ms (Views: 6.5ms | ActiveRecord: 0.2ms | Allocations: 6159)


Started GET "/testqs/1" for 127.0.0.1 at 2022-09-15 18:53:38 +0700
  [1m[36mActiveRecord::SchemaMigration Pluck (0.1ms)[0m  [1m[34mSELECT "schema_migrations"."version" FROM "schema_migrations" ORDER BY "schema_migrations"."version" ASC[0m
Processing by TestqsController#show as HTML
  Parameters: {"id"=>"1"}
  [1m[36mTestq Load (0.2ms)[0m  [1m[34mSELECT "testqs".* FROM "testqs" WHERE "testqs"."id" = ? LIMIT ?[0m  [["id", 1], ["LIMIT", 1]]
  ↳ app/controllers/testqs_controller.rb:63:in `set_testq'
  Rendering layout layouts/application.html.erb
  Rendering testqs/show.html.erb within layouts/application
  Rendered testqs/_testq.html.erb (Duration: 2.1ms | Allocations: 225)
  Rendered testqs/show.html.erb within layouts/application (Duration: 13.4ms | Allocations: 1584)
  Rendered layout layouts/application.html.erb (Duration: 82.6ms | Allocations: 35945)
Completed 200 OK in 145ms (Views: 91.1ms | ActiveRecord: 1.0ms | Allocations: 58893)


Started GET "/testqs/new" for 127.0.0.1 at 2022-09-15 18:53:39 +0700
Processing by TestqsController#new as HTML
  Rendering layout layouts/application.html.erb
  Rendering testqs/new.html.erb within layouts/application
  Rendered testqs/_form.html.erb (Duration: 4.8ms | Allocations: 3798)
  Rendered testqs/new.html.erb within layouts/application (Duration: 6.0ms | Allocations: 4078)
  Rendered layout layouts/application.html.erb (Duration: 7.9ms | Allocations: 6253)
Completed 200 OK in 9ms (Views: 8.3ms | ActiveRecord: 0.0ms | Allocations: 6580)


Started POST "/testqs" for 127.0.0.1 at 2022-09-15 18:53:42 +0700
Processing by TestqsController#create as TURBO_STREAM
  Parameters: {"authenticity_token"=>"[FILTERED]", "testq"=>{"countq"=>"1", "nowq"=>"1", "commentq"=>"1"}, "commit"=>"Create Testq"}
  [1m[36mTRANSACTION (0.1ms)[0m  [1m[36mbegin transaction[0m
  ↳ app/controllers/testqs_controller.rb:27:in `block in create'
  [1m[36mTestq Create (0.2ms)[0m  [1m[32mINSERT INTO "testqs" ("countq", "nowq", "commentq", "created_at", "updated_at") VALUES (?, ?, ?, ?, ?)[0m  [["countq", 1], ["nowq", 1], ["commentq", "1"], ["created_at", "2022-09-15 11:53:42.833111"], ["updated_at", "2022-09-15 11:53:42.833111"]]
  ↳ app/controllers/testqs_controller.rb:27:in `block in create'
  [1m[36mTRANSACTION (4.6ms)[0m  [1m[36mcommit transaction[0m
  ↳ app/controllers/testqs_controller.rb:27:in `block in create'
Redirected to http://127.0.0.1:3000/testqs/2
Completed 302 Found in 10ms (ActiveRecord: 4.9ms | Allocations: 3729)


Started GET "/testqs/2" for 127.0.0.1 at 2022-09-15 18:53:42 +0700
Processing by TestqsController#show as TURBO_STREAM
  Parameters: {"id"=>"2"}
  [1m[36mTestq Load (0.1ms)[0m  [1m[34mSELECT "testqs".* FROM "testqs" WHERE "testqs"."id" = ? LIMIT ?[0m  [["id", 2], ["LIMIT", 1]]
  ↳ app/controllers/testqs_controller.rb:63:in `set_testq'
  Rendering layout layouts/application.html.erb
  Rendering testqs/show.html.erb within layouts/application
  Rendered testqs/_testq.html.erb (Duration: 0.1ms | Allocations: 21)
  Rendered testqs/show.html.erb within layouts/application (Duration: 0.9ms | Allocations: 700)
  Rendered layout layouts/application.html.erb (Duration: 3.0ms | Allocations: 2858)
Completed 200 OK in 5ms (Views: 3.4ms | ActiveRecord: 0.1ms | Allocations: 3595)


Started DELETE "/testqs/2" for 127.0.0.1 at 2022-09-15 19:06:10 +0700
  [1m[36mActiveRecord::SchemaMigration Pluck (0.1ms)[0m  [1m[34mSELECT "schema_migrations"."version" FROM "schema_migrations" ORDER BY "schema_migrations"."version" ASC[0m
Processing by TestqsController#destroy as TURBO_STREAM
  Parameters: {"authenticity_token"=>"[FILTERED]", "id"=>"2"}
  [1m[36mTestq Load (0.1ms)[0m  [1m[34mSELECT "testqs".* FROM "testqs" WHERE "testqs"."id" = ? LIMIT ?[0m  [["id", 2], ["LIMIT", 1]]
  ↳ app/controllers/testqs_controller.rb:63:in `set_testq'
  [1m[36mTRANSACTION (0.0ms)[0m  [1m[36mbegin transaction[0m
  ↳ app/controllers/testqs_controller.rb:52:in `destroy'
  [1m[36mTestq Destroy (0.2ms)[0m  [1m[31mDELETE FROM "testqs" WHERE "testqs"."id" = ?[0m  [["id", 2]]
  ↳ app/controllers/testqs_controller.rb:52:in `destroy'
  [1m[36mTRANSACTION (7.2ms)[0m  [1m[36mcommit transaction[0m
  ↳ app/controllers/testqs_controller.rb:52:in `destroy'
Redirected to http://127.0.0.1:3000/testqs
Completed 302 Found in 26ms (ActiveRecord: 8.0ms | Allocations: 22391)


Started GET "/testqs" for 127.0.0.1 at 2022-09-15 19:06:10 +0700
Processing by TestqsController#index as TURBO_STREAM
  Rendering layout layouts/application.html.erb
  Rendering testqs/index.html.erb within layouts/application
  [1m[36mTestq Load (0.1ms)[0m  [1m[34mSELECT "testqs".* FROM "testqs"[0m
  ↳ app/views/testqs/index.html.erb:6
  Rendered testqs/_testq.html.erb (Duration: 0.4ms | Allocations: 222)
  Rendered testqs/index.html.erb within layouts/application (Duration: 3.0ms | Allocations: 1920)
  Rendered layout layouts/application.html.erb (Duration: 34.8ms | Allocations: 36303)
Completed 200 OK in 39ms (Views: 36.5ms | ActiveRecord: 0.1ms | Allocations: 38920)


Started GET "/testqs/1" for 127.0.0.1 at 2022-09-15 19:06:12 +0700
Processing by TestqsController#show as HTML
  Parameters: {"id"=>"1"}
  [1m[36mTestq Load (0.2ms)[0m  [1m[34mSELECT "testqs".* FROM "testqs" WHERE "testqs"."id" = ? LIMIT ?[0m  [["id", 1], ["LIMIT", 1]]
  ↳ app/controllers/testqs_controller.rb:63:in `set_testq'
  Rendering layout layouts/application.html.erb
  Rendering testqs/show.html.erb within layouts/application
  Rendered testqs/_testq.html.erb (Duration: 0.2ms | Allocations: 21)
  Rendered testqs/show.html.erb within layouts/application (Duration: 4.1ms | Allocations: 829)
  Rendered layout layouts/application.html.erb (Duration: 11.3ms | Allocations: 2996)
Completed 200 OK in 16ms (Views: 12.5ms | ActiveRecord: 0.2ms | Allocations: 3773)


Started GET "/testqs/new" for 127.0.0.1 at 2022-09-15 19:06:15 +0700
Processing by TestqsController#new as HTML
  Rendering layout layouts/application.html.erb
  Rendering testqs/new.html.erb within layouts/application
  Rendered testqs/_form.html.erb (Duration: 10.8ms | Allocations: 3793)
  Rendered testqs/new.html.erb within layouts/application (Duration: 12.6ms | Allocations: 4073)
  Rendered layout layouts/application.html.erb (Duration: 16.6ms | Allocations: 6248)
Completed 200 OK in 19ms (Views: 17.6ms | ActiveRecord: 0.0ms | Allocations: 6575)


Started POST "/testqs" for 127.0.0.1 at 2022-09-15 19:06:20 +0700
Processing by TestqsController#create as TURBO_STREAM
  Parameters: {"authenticity_token"=>"[FILTERED]", "testq"=>{"countq"=>"1", "nowq"=>"1", "commentq"=>"1"}, "commit"=>"Create Testq"}
  [1m[36mTRANSACTION (0.2ms)[0m  [1m[36mbegin transaction[0m
  ↳ app/controllers/testqs_controller.rb:27:in `block in create'
  [1m[36mTestq Create (0.7ms)[0m  [1m[32mINSERT INTO "testqs" ("countq", "nowq", "commentq", "created_at", "updated_at") VALUES (?, ?, ?, ?, ?)[0m  [["countq", 1], ["nowq", 1], ["commentq", "1"], ["created_at", "2022-09-15 12:06:20.101396"], ["updated_at", "2022-09-15 12:06:20.101396"]]
  ↳ app/controllers/testqs_controller.rb:27:in `block in create'
  [1m[36mTRANSACTION (5.0ms)[0m  [1m[36mcommit transaction[0m
  ↳ app/controllers/testqs_controller.rb:27:in `block in create'
Redirected to http://127.0.0.1:3000/testqs/3
Completed 302 Found in 21ms (ActiveRecord: 5.9ms | Allocations: 3672)


Started GET "/testqs/3" for 127.0.0.1 at 2022-09-15 19:06:20 +0700
Processing by TestqsController#show as TURBO_STREAM
  Parameters: {"id"=>"3"}
  [1m[36mTestq Load (0.1ms)[0m  [1m[34mSELECT "testqs".* FROM "testqs" WHERE "testqs"."id" = ? LIMIT ?[0m  [["id", 3], ["LIMIT", 1]]
  ↳ app/controllers/testqs_controller.rb:63:in `set_testq'
  Rendering layout layouts/application.html.erb
  Rendering testqs/show.html.erb within layouts/application
  Rendered testqs/_testq.html.erb (Duration: 0.1ms | Allocations: 21)
  Rendered testqs/show.html.erb within layouts/application (Duration: 1.4ms | Allocations: 657)
  Rendered layout layouts/application.html.erb (Duration: 4.3ms | Allocations: 2831)
Completed 200 OK in 7ms (Views: 4.9ms | ActiveRecord: 0.1ms | Allocations: 3524)


Started GET "/testqs" for 127.0.0.1 at 2022-09-16 11:00:30 +0700
  [1m[36mActiveRecord::SchemaMigration Pluck (0.1ms)[0m  [1m[34mSELECT "schema_migrations"."version" FROM "schema_migrations" ORDER BY "schema_migrations"."version" ASC[0m
Processing by TestqsController#index as HTML
  Rendering layout layouts/application.html.erb
  Rendering testqs/index.html.erb within layouts/application
  [1m[36mTestq Load (0.1ms)[0m  [1m[34mSELECT "testqs".* FROM "testqs"[0m
  ↳ app/views/testqs/index.html.erb:6
  Rendered testqs/_testq.html.erb (Duration: 5.3ms | Allocations: 225)
  Rendered testqs/_testq.html.erb (Duration: 0.1ms | Allocations: 20)
  Rendered testqs/index.html.erb within layouts/application (Duration: 27.2ms | Allocations: 21466)
  Rendered layout layouts/application.html.erb (Duration: 217.1ms | Allocations: 110872)
Completed 200 OK in 228ms (Views: 220.3ms | ActiveRecord: 0.6ms | Allocations: 117291)


Started GET "/testqs/3" for 127.0.0.1 at 2022-09-16 11:00:33 +0700
Processing by TestqsController#show as HTML
  Parameters: {"id"=>"3"}
  [1m[36mTestq Load (0.3ms)[0m  [1m[34mSELECT "testqs".* FROM "testqs" WHERE "testqs"."id" = ? LIMIT ?[0m  [["id", 3], ["LIMIT", 1]]
  ↳ app/controllers/testqs_controller.rb:68:in `set_testq'
  Rendering layout layouts/application.html.erb
  Rendering testqs/show.html.erb within layouts/application
  Rendered testqs/_testq.html.erb (Duration: 0.1ms | Allocations: 21)
  Rendered testqs/show.html.erb within layouts/application (Duration: 2.2ms | Allocations: 828)
  Rendered layout layouts/application.html.erb (Duration: 4.8ms | Allocations: 3002)
Completed 200 OK in 12ms (Views: 5.6ms | ActiveRecord: 0.3ms | Allocations: 5841)


Started DELETE "/testqs/3" for 127.0.0.1 at 2022-09-16 11:00:34 +0700
Processing by TestqsController#destroy as TURBO_STREAM
  Parameters: {"authenticity_token"=>"[FILTERED]", "id"=>"3"}
  [1m[36mTestq Load (0.2ms)[0m  [1m[34mSELECT "testqs".* FROM "testqs" WHERE "testqs"."id" = ? LIMIT ?[0m  [["id", 3], ["LIMIT", 1]]
  ↳ app/controllers/testqs_controller.rb:68:in `set_testq'
  [1m[36mTRANSACTION (0.1ms)[0m  [1m[36mbegin transaction[0m
  ↳ app/controllers/testqs_controller.rb:57:in `destroy'
  [1m[36mTestq Destroy (0.3ms)[0m  [1m[31mDELETE FROM "testqs" WHERE "testqs"."id" = ?[0m  [["id", 3]]
  ↳ app/controllers/testqs_controller.rb:57:in `destroy'
  [1m[36mTRANSACTION (11.2ms)[0m  [1m[36mcommit transaction[0m
  ↳ app/controllers/testqs_controller.rb:57:in `destroy'
Redirected to http://127.0.0.1:3000/testqs
Completed 302 Found in 18ms (ActiveRecord: 11.8ms | Allocations: 2385)


Started GET "/testqs" for 127.0.0.1 at 2022-09-16 11:00:34 +0700
Processing by TestqsController#index as TURBO_STREAM
  Rendering layout layouts/application.html.erb
  Rendering testqs/index.html.erb within layouts/application
  [1m[36mTestq Load (0.1ms)[0m  [1m[34mSELECT "testqs".* FROM "testqs"[0m
  ↳ app/views/testqs/index.html.erb:6
  Rendered testqs/_testq.html.erb (Duration: 0.1ms | Allocations: 21)
  Rendered testqs/index.html.erb within layouts/application (Duration: 2.3ms | Allocations: 975)
  Rendered layout layouts/application.html.erb (Duration: 6.0ms | Allocations: 3142)
Completed 200 OK in 7ms (Views: 6.5ms | ActiveRecord: 0.1ms | Allocations: 3451)


Started GET "/testqs/1" for 127.0.0.1 at 2022-09-16 11:00:35 +0700
Processing by TestqsController#show as HTML
  Parameters: {"id"=>"1"}
  [1m[36mTestq Load (0.1ms)[0m  [1m[34mSELECT "testqs".* FROM "testqs" WHERE "testqs"."id" = ? LIMIT ?[0m  [["id", 1], ["LIMIT", 1]]
  ↳ app/controllers/testqs_controller.rb:68:in `set_testq'
  Rendering layout layouts/application.html.erb
  Rendering testqs/show.html.erb within layouts/application
  Rendered testqs/_testq.html.erb (Duration: 0.1ms | Allocations: 21)
  Rendered testqs/show.html.erb within layouts/application (Duration: 2.4ms | Allocations: 613)
  Rendered layout layouts/application.html.erb (Duration: 6.5ms | Allocations: 2772)
Completed 200 OK in 10ms (Views: 8.3ms | ActiveRecord: 0.1ms | Allocations: 3472)


Started DELETE "/testqs/1" for 127.0.0.1 at 2022-09-16 11:00:36 +0700
Processing by TestqsController#destroy as TURBO_STREAM
  Parameters: {"authenticity_token"=>"[FILTERED]", "id"=>"1"}
  [1m[36mTestq Load (0.2ms)[0m  [1m[34mSELECT "testqs".* FROM "testqs" WHERE "testqs"."id" = ? LIMIT ?[0m  [["id", 1], ["LIMIT", 1]]
  ↳ app/controllers/testqs_controller.rb:68:in `set_testq'
  [1m[36mTRANSACTION (0.1ms)[0m  [1m[36mbegin transaction[0m
  ↳ app/controllers/testqs_controller.rb:57:in `destroy'
  [1m[36mTestq Destroy (0.3ms)[0m  [1m[31mDELETE FROM "testqs" WHERE "testqs"."id" = ?[0m  [["id", 1]]
  ↳ app/controllers/testqs_controller.rb:57:in `destroy'
  [1m[36mTRANSACTION (10.8ms)[0m  [1m[36mcommit transaction[0m
  ↳ app/controllers/testqs_controller.rb:57:in `destroy'
Redirected to http://127.0.0.1:3000/testqs
Completed 302 Found in 17ms (ActiveRecord: 11.3ms | Allocations: 2289)


Started GET "/testqs" for 127.0.0.1 at 2022-09-16 11:00:36 +0700
Processing by TestqsController#index as TURBO_STREAM
  Rendering layout layouts/application.html.erb
  Rendering testqs/index.html.erb within layouts/application
  [1m[36mTestq Load (0.1ms)[0m  [1m[34mSELECT "testqs".* FROM "testqs"[0m
  ↳ app/views/testqs/index.html.erb:6
  Rendered testqs/index.html.erb within layouts/application (Duration: 1.0ms | Allocations: 795)
  Rendered layout layouts/application.html.erb (Duration: 2.8ms | Allocations: 2962)
Completed 200 OK in 3ms (Views: 3.0ms | ActiveRecord: 0.1ms | Allocations: 3223)


Started GET "/testqs/new" for 127.0.0.1 at 2022-09-16 11:00:37 +0700
Processing by TestqsController#new as HTML
  Rendering layout layouts/application.html.erb
  Rendering testqs/new.html.erb within layouts/application
  Rendered testqs/_form.html.erb (Duration: 12.0ms | Allocations: 5373)
  Rendered testqs/new.html.erb within layouts/application (Duration: 13.3ms | Allocations: 5652)
  Rendered layout layouts/application.html.erb (Duration: 16.5ms | Allocations: 7824)
Completed 200 OK in 20ms (Views: 18.7ms | ActiveRecord: 0.0ms | Allocations: 8142)


Started POST "/testqs" for 127.0.0.1 at 2022-09-16 11:00:45 +0700
Processing by TestqsController#create as TURBO_STREAM
  Parameters: {"authenticity_token"=>"[FILTERED]", "testq"=>{"countq"=>"10", "nowq"=>"", "commentq"=>"r"}, "commit"=>"Create Testq"}
  [1m[36mTRANSACTION (0.1ms)[0m  [1m[36mbegin transaction[0m
  ↳ app/controllers/testqs_controller.rb:27:in `block in create'
  [1m[36mTestq Create (0.4ms)[0m  [1m[32mINSERT INTO "testqs" ("countq", "nowq", "commentq", "created_at", "updated_at") VALUES (?, ?, ?, ?, ?)[0m  [["countq", 10], ["nowq", nil], ["commentq", "r"], ["created_at", "2022-09-16 04:00:45.948665"], ["updated_at", "2022-09-16 04:00:45.948665"]]
  ↳ app/controllers/testqs_controller.rb:27:in `block in create'
  [1m[36mTRANSACTION (6.6ms)[0m  [1m[36mcommit transaction[0m
  ↳ app/controllers/testqs_controller.rb:27:in `block in create'
Redirected to http://127.0.0.1:3000/testqs/4
Completed 302 Found in 21ms (ActiveRecord: 7.1ms | Allocations: 4944)


Started GET "/testqs/4" for 127.0.0.1 at 2022-09-16 11:00:45 +0700
Processing by TestqsController#show as TURBO_STREAM
  Parameters: {"id"=>"4"}
  [1m[36mTestq Load (0.2ms)[0m  [1m[34mSELECT "testqs".* FROM "testqs" WHERE "testqs"."id" = ? LIMIT ?[0m  [["id", 4], ["LIMIT", 1]]
  ↳ app/controllers/testqs_controller.rb:68:in `set_testq'
  Rendering layout layouts/application.html.erb
  Rendering testqs/show.html.erb within layouts/application
  Rendered testqs/_testq.html.erb (Duration: 0.1ms | Allocations: 19)
  Rendered testqs/show.html.erb within layouts/application (Duration: 2.1ms | Allocations: 642)
  Rendered layout layouts/application.html.erb (Duration: 6.0ms | Allocations: 2798)
Completed 200 OK in 10ms (Views: 6.9ms | ActiveRecord: 0.2ms | Allocations: 3487)


  [1m[36mTestq Load (0.1ms)[0m  [1m[34mSELECT "testqs".* FROM "testqs" WHERE "testqs"."id" = ? LIMIT ?[0m  [["id", 4], ["LIMIT", 1]]
  ↳ app/jobs/simplejob.rb:6:in `perform'
  [1m[36mTRANSACTION (0.1ms)[0m  [1m[36mbegin transaction[0m
  ↳ app/jobs/simplejob.rb:9:in `perform'
  [1m[36mTestq Update (0.3ms)[0m  [1m[33mUPDATE "testqs" SET "commentq" = ?, "updated_at" = ? WHERE "testqs"."id" = ?[0m  [["commentq", "r, 0"], ["updated_at", "2022-09-16 04:00:47.788772"], ["id", 4]]
  ↳ app/jobs/simplejob.rb:9:in `perform'
  [1m[36mTRANSACTION (10.5ms)[0m  [1m[36mcommit transaction[0m
  ↳ app/jobs/simplejob.rb:9:in `perform'
  [1m[36mTestq Load (0.1ms)[0m  [1m[34mSELECT "testqs".* FROM "testqs" WHERE "testqs"."id" = ? LIMIT ?[0m  [["id", 4], ["LIMIT", 1]]
  ↳ app/jobs/simplejob.rb:6:in `perform'
  [1m[36mTRANSACTION (0.1ms)[0m  [1m[36mbegin transaction[0m
  ↳ app/jobs/simplejob.rb:9:in `perform'
  [1m[36mTestq Update (0.2ms)[0m  [1m[33mUPDATE "testqs" SET "commentq" = ?, "updated_at" = ? WHERE "testqs"."id" = ?[0m  [["commentq", "r, 0, 1"], ["updated_at", "2022-09-16 04:00:50.112066"], ["id", 4]]
  ↳ app/jobs/simplejob.rb:9:in `perform'
  [1m[36mTRANSACTION (11.3ms)[0m  [1m[36mcommit transaction[0m
  ↳ app/jobs/simplejob.rb:9:in `perform'
Started GET "/testqs/4" for 127.0.0.1 at 2022-09-16 11:00:52 +0700
Processing by TestqsController#show as HTML
  Parameters: {"id"=>"4"}
  [1m[36mTestq Load (0.1ms)[0m  [1m[34mSELECT "testqs".* FROM "testqs" WHERE "testqs"."id" = ? LIMIT ?[0m  [["id", 4], ["LIMIT", 1]]
  ↳ app/controllers/testqs_controller.rb:68:in `set_testq'
  Rendering layout layouts/application.html.erb
  Rendering testqs/show.html.erb within layouts/application
  Rendered testqs/_testq.html.erb (Duration: 0.1ms | Allocations: 19)
  Rendered testqs/show.html.erb within layouts/application (Duration: 1.0ms | Allocations: 597)
  Rendered layout layouts/application.html.erb (Duration: 4.4ms | Allocations: 2753)
Completed 200 OK in 6ms (Views: 4.9ms | ActiveRecord: 0.1ms | Allocations: 3436)


Started GET "/testqs/4" for 127.0.0.1 at 2022-09-16 11:00:52 +0700
Processing by TestqsController#show as HTML
  Parameters: {"id"=>"4"}
  [1m[36mTestq Load (0.1ms)[0m  [1m[34mSELECT "testqs".* FROM "testqs" WHERE "testqs"."id" = ? LIMIT ?[0m  [["id", 4], ["LIMIT", 1]]
  ↳ app/controllers/testqs_controller.rb:68:in `set_testq'
  Rendering layout layouts/application.html.erb
  Rendering testqs/show.html.erb within layouts/application
  Rendered testqs/_testq.html.erb (Duration: 0.1ms | Allocations: 19)
  Rendered testqs/show.html.erb within layouts/application (Duration: 1.4ms | Allocations: 607)
  Rendered layout layouts/application.html.erb (Duration: 7.7ms | Allocations: 2763)
Completed 200 OK in 9ms (Views: 8.4ms | ActiveRecord: 0.1ms | Allocations: 3446)


Started GET "/testqs/4" for 127.0.0.1 at 2022-09-16 11:00:53 +0700
Processing by TestqsController#show as HTML
  Parameters: {"id"=>"4"}
  [1m[36mTestq Load (0.1ms)[0m  [1m[34mSELECT "testqs".* FROM "testqs" WHERE "testqs"."id" = ? LIMIT ?[0m  [["id", 4], ["LIMIT", 1]]
  ↳ app/controllers/testqs_controller.rb:68:in `set_testq'
  Rendering layout layouts/application.html.erb
  Rendering testqs/show.html.erb within layouts/application
  Rendered testqs/_testq.html.erb (Duration: 0.1ms | Allocations: 19)
  Rendered testqs/show.html.erb within layouts/application (Duration: 1.1ms | Allocations: 605)
  Rendered layout layouts/application.html.erb (Duration: 5.4ms | Allocations: 2761)
Completed 200 OK in 7ms (Views: 5.8ms | ActiveRecord: 0.1ms | Allocations: 3444)


  [1m[36mTestq Load (0.2ms)[0m  [1m[34mSELECT "testqs".* FROM "testqs" WHERE "testqs"."id" = ? LIMIT ?[0m  [["id", 4], ["LIMIT", 1]]
  ↳ app/jobs/simplejob.rb:6:in `perform'
  [1m[36mTRANSACTION (0.1ms)[0m  [1m[36mbegin transaction[0m
  ↳ app/jobs/simplejob.rb:9:in `perform'
  [1m[36mTestq Update (0.2ms)[0m  [1m[33mUPDATE "testqs" SET "commentq" = ?, "updated_at" = ? WHERE "testqs"."id" = ?[0m  [["commentq", "r, 0, 1, 2"], ["updated_at", "2022-09-16 04:00:54.381897"], ["id", 4]]
  ↳ app/jobs/simplejob.rb:9:in `perform'
  [1m[36mTRANSACTION (11.3ms)[0m  [1m[36mcommit transaction[0m
  ↳ app/jobs/simplejob.rb:9:in `perform'
Started GET "/testqs/4" for 127.0.0.1 at 2022-09-16 11:00:54 +0700
Processing by TestqsController#show as HTML
  Parameters: {"id"=>"4"}
  [1m[36mTestq Load (0.1ms)[0m  [1m[34mSELECT "testqs".* FROM "testqs" WHERE "testqs"."id" = ? LIMIT ?[0m  [["id", 4], ["LIMIT", 1]]
  ↳ app/controllers/testqs_controller.rb:68:in `set_testq'
  Rendering layout layouts/application.html.erb
  Rendering testqs/show.html.erb within layouts/application
  Rendered testqs/_testq.html.erb (Duration: 0.1ms | Allocations: 19)
  Rendered testqs/show.html.erb within layouts/application (Duration: 1.9ms | Allocations: 621)
  Rendered layout layouts/application.html.erb (Duration: 7.1ms | Allocations: 2777)
Completed 200 OK in 10ms (Views: 7.8ms | ActiveRecord: 0.1ms | Allocations: 3460)


Started GET "/testqs/4" for 127.0.0.1 at 2022-09-16 11:00:55 +0700
Processing by TestqsController#show as HTML
  Parameters: {"id"=>"4"}
  [1m[36mTestq Load (0.2ms)[0m  [1m[34mSELECT "testqs".* FROM "testqs" WHERE "testqs"."id" = ? LIMIT ?[0m  [["id", 4], ["LIMIT", 1]]
  ↳ app/controllers/testqs_controller.rb:68:in `set_testq'
  Rendering layout layouts/application.html.erb
  Rendering testqs/show.html.erb within layouts/application
  Rendered testqs/_testq.html.erb (Duration: 0.1ms | Allocations: 19)
  Rendered testqs/show.html.erb within layouts/application (Duration: 2.3ms | Allocations: 613)
  Rendered layout layouts/application.html.erb (Duration: 9.0ms | Allocations: 2769)
Completed 200 OK in 14ms (Views: 10.3ms | ActiveRecord: 0.2ms | Allocations: 3452)


Started GET "/testqs/4" for 127.0.0.1 at 2022-09-16 11:00:55 +0700
Processing by TestqsController#show as HTML
  Parameters: {"id"=>"4"}
  [1m[36mTestq Load (0.1ms)[0m  [1m[34mSELECT "testqs".* FROM "testqs" WHERE "testqs"."id" = ? LIMIT ?[0m  [["id", 4], ["LIMIT", 1]]
  ↳ app/controllers/testqs_controller.rb:68:in `set_testq'
  Rendering layout layouts/application.html.erb
  Rendering testqs/show.html.erb within layouts/application
  Rendered testqs/_testq.html.erb (Duration: 0.1ms | Allocations: 19)
  Rendered testqs/show.html.erb within layouts/application (Duration: 1.8ms | Allocations: 617)
  Rendered layout layouts/application.html.erb (Duration: 7.1ms | Allocations: 2773)
Completed 200 OK in 10ms (Views: 7.8ms | ActiveRecord: 0.1ms | Allocations: 3456)


Started GET "/testqs/4" for 127.0.0.1 at 2022-09-16 11:00:56 +0700
Processing by TestqsController#show as HTML
  Parameters: {"id"=>"4"}
  [1m[36mTestq Load (0.5ms)[0m  [1m[34mSELECT "testqs".* FROM "testqs" WHERE "testqs"."id" = ? LIMIT ?[0m  [["id", 4], ["LIMIT", 1]]
  ↳ app/controllers/testqs_controller.rb:68:in `set_testq'
  Rendering layout layouts/application.html.erb
  Rendering testqs/show.html.erb within layouts/application
  Rendered testqs/_testq.html.erb (Duration: 0.1ms | Allocations: 19)
  Rendered testqs/show.html.erb within layouts/application (Duration: 1.9ms | Allocations: 611)
  Rendered layout layouts/application.html.erb (Duration: 6.7ms | Allocations: 2767)
Completed 200 OK in 10ms (Views: 7.6ms | ActiveRecord: 0.5ms | Allocations: 3450)


Started GET "/testqs/4" for 127.0.0.1 at 2022-09-16 11:00:57 +0700
Processing by TestqsController#show as HTML
  Parameters: {"id"=>"4"}
  [1m[36mTestq Load (0.1ms)[0m  [1m[34mSELECT "testqs".* FROM "testqs" WHERE "testqs"."id" = ? LIMIT ?[0m  [["id", 4], ["LIMIT", 1]]
  ↳ app/controllers/testqs_controller.rb:68:in `set_testq'
  Rendering layout layouts/application.html.erb
  Rendering testqs/show.html.erb within layouts/application
  Rendered testqs/_testq.html.erb (Duration: 0.1ms | Allocations: 19)
  Rendered testqs/show.html.erb within layouts/application (Duration: 1.6ms | Allocations: 619)
  Rendered layout layouts/application.html.erb (Duration: 6.2ms | Allocations: 2775)
Completed 200 OK in 9ms (Views: 6.7ms | ActiveRecord: 0.1ms | Allocations: 3458)


Started GET "/testqs/4" for 127.0.0.1 at 2022-09-16 11:00:57 +0700
Processing by TestqsController#show as HTML
  Parameters: {"id"=>"4"}
  [1m[36mTestq Load (0.1ms)[0m  [1m[34mSELECT "testqs".* FROM "testqs" WHERE "testqs"."id" = ? LIMIT ?[0m  [["id", 4], ["LIMIT", 1]]
  ↳ app/controllers/testqs_controller.rb:68:in `set_testq'
  Rendering layout layouts/application.html.erb
  Rendering testqs/show.html.erb within layouts/application
  Rendered testqs/_testq.html.erb (Duration: 0.1ms | Allocations: 19)
  Rendered testqs/show.html.erb within layouts/application (Duration: 2.0ms | Allocations: 607)
  Rendered layout layouts/application.html.erb (Duration: 5.3ms | Allocations: 2763)
Completed 200 OK in 7ms (Views: 5.8ms | ActiveRecord: 0.1ms | Allocations: 3446)


  [1m[36mTestq Load (0.1ms)[0m  [1m[34mSELECT "testqs".* FROM "testqs" WHERE "testqs"."id" = ? LIMIT ?[0m  [["id", 4], ["LIMIT", 1]]
  ↳ app/jobs/simplejob.rb:6:in `perform'
  [1m[36mTRANSACTION (0.1ms)[0m  [1m[36mbegin transaction[0m
  ↳ app/jobs/simplejob.rb:9:in `perform'
  [1m[36mTestq Update (0.3ms)[0m  [1m[33mUPDATE "testqs" SET "commentq" = ?, "updated_at" = ? WHERE "testqs"."id" = ?[0m  [["commentq", "r, 0, 1, 2, 3"], ["updated_at", "2022-09-16 04:00:57.711829"], ["id", 4]]
  ↳ app/jobs/simplejob.rb:9:in `perform'
  [1m[36mTRANSACTION (7.1ms)[0m  [1m[36mcommit transaction[0m
  ↳ app/jobs/simplejob.rb:9:in `perform'
Started GET "/testqs/4" for 127.0.0.1 at 2022-09-16 11:00:58 +0700
Processing by TestqsController#show as HTML
  Parameters: {"id"=>"4"}
  [1m[36mTestq Load (0.1ms)[0m  [1m[34mSELECT "testqs".* FROM "testqs" WHERE "testqs"."id" = ? LIMIT ?[0m  [["id", 4], ["LIMIT", 1]]
  ↳ app/controllers/testqs_controller.rb:68:in `set_testq'
  Rendering layout layouts/application.html.erb
  Rendering testqs/show.html.erb within layouts/application
  Rendered testqs/_testq.html.erb (Duration: 0.1ms | Allocations: 19)
  Rendered testqs/show.html.erb within layouts/application (Duration: 2.1ms | Allocations: 607)
  Rendered layout layouts/application.html.erb (Duration: 7.2ms | Allocations: 2763)
Completed 200 OK in 10ms (Views: 8.0ms | ActiveRecord: 0.1ms | Allocations: 3446)


  [1m[36mTestq Load (0.1ms)[0m  [1m[34mSELECT "testqs".* FROM "testqs" WHERE "testqs"."id" = ? LIMIT ?[0m  [["id", 4], ["LIMIT", 1]]
  ↳ app/jobs/simplejob.rb:6:in `perform'
  [1m[36mTRANSACTION (0.1ms)[0m  [1m[36mbegin transaction[0m
  ↳ app/jobs/simplejob.rb:9:in `perform'
  [1m[36mTestq Update (0.2ms)[0m  [1m[33mUPDATE "testqs" SET "commentq" = ?, "updated_at" = ? WHERE "testqs"."id" = ?[0m  [["commentq", "r, 0, 1, 2, 3, 4"], ["updated_at", "2022-09-16 04:01:02.010109"], ["id", 4]]
  ↳ app/jobs/simplejob.rb:9:in `perform'
  [1m[36mTRANSACTION (11.2ms)[0m  [1m[36mcommit transaction[0m
  ↳ app/jobs/simplejob.rb:9:in `perform'
  [1m[36mTestq Load (0.1ms)[0m  [1m[34mSELECT "testqs".* FROM "testqs" WHERE "testqs"."id" = ? LIMIT ?[0m  [["id", 4], ["LIMIT", 1]]
  ↳ app/jobs/simplejob.rb:6:in `perform'
  [1m[36mTRANSACTION (0.1ms)[0m  [1m[36mbegin transaction[0m
  ↳ app/jobs/simplejob.rb:9:in `perform'
  [1m[36mTestq Update (0.2ms)[0m  [1m[33mUPDATE "testqs" SET "commentq" = ?, "updated_at" = ? WHERE "testqs"."id" = ?[0m  [["commentq", "r, 0, 1, 2, 3, 4, 5"], ["updated_at", "2022-09-16 04:01:06.297081"], ["id", 4]]
  ↳ app/jobs/simplejob.rb:9:in `perform'
  [1m[36mTRANSACTION (13.0ms)[0m  [1m[36mcommit transaction[0m
  ↳ app/jobs/simplejob.rb:9:in `perform'
  [1m[36mTestq Load (0.1ms)[0m  [1m[34mSELECT "testqs".* FROM "testqs" WHERE "testqs"."id" = ? LIMIT ?[0m  [["id", 4], ["LIMIT", 1]]
  ↳ app/jobs/simplejob.rb:6:in `perform'
  [1m[36mTRANSACTION (0.0ms)[0m  [1m[36mbegin transaction[0m
  ↳ app/jobs/simplejob.rb:9:in `perform'
  [1m[36mTestq Update (0.2ms)[0m  [1m[33mUPDATE "testqs" SET "commentq" = ?, "updated_at" = ? WHERE "testqs"."id" = ?[0m  [["commentq", "r, 0, 1, 2, 3, 4, 5, 6"], ["updated_at", "2022-09-16 04:01:09.632548"], ["id", 4]]
  ↳ app/jobs/simplejob.rb:9:in `perform'
  [1m[36mTRANSACTION (6.9ms)[0m  [1m[36mcommit transaction[0m
  ↳ app/jobs/simplejob.rb:9:in `perform'
  [1m[36mTestq Load (0.1ms)[0m  [1m[34mSELECT "testqs".* FROM "testqs" WHERE "testqs"."id" = ? LIMIT ?[0m  [["id", 4], ["LIMIT", 1]]
  ↳ app/jobs/simplejob.rb:6:in `perform'
  [1m[36mTRANSACTION (0.1ms)[0m  [1m[36mbegin transaction[0m
  ↳ app/jobs/simplejob.rb:9:in `perform'
  [1m[36mTestq Update (0.2ms)[0m  [1m[33mUPDATE "testqs" SET "commentq" = ?, "updated_at" = ? WHERE "testqs"."id" = ?[0m  [["commentq", "r, 0, 1, 2, 3, 4, 5, 6, 7"], ["updated_at", "2022-09-16 04:01:12.880118"], ["id", 4]]
  ↳ app/jobs/simplejob.rb:9:in `perform'
  [1m[36mTRANSACTION (6.6ms)[0m  [1m[36mcommit transaction[0m
  ↳ app/jobs/simplejob.rb:9:in `perform'
  [1m[36mTestq Load (0.1ms)[0m  [1m[34mSELECT "testqs".* FROM "testqs" WHERE "testqs"."id" = ? LIMIT ?[0m  [["id", 4], ["LIMIT", 1]]
  ↳ app/jobs/simplejob.rb:6:in `perform'
  [1m[36mTRANSACTION (0.1ms)[0m  [1m[36mbegin transaction[0m
  ↳ app/jobs/simplejob.rb:9:in `perform'
  [1m[36mTestq Update (0.2ms)[0m  [1m[33mUPDATE "testqs" SET "commentq" = ?, "updated_at" = ? WHERE "testqs"."id" = ?[0m  [["commentq", "r, 0, 1, 2, 3, 4, 5, 6, 7, 8"], ["updated_at", "2022-09-16 04:01:14.201736"], ["id", 4]]
  ↳ app/jobs/simplejob.rb:9:in `perform'
  [1m[36mTRANSACTION (10.6ms)[0m  [1m[36mcommit transaction[0m
  ↳ app/jobs/simplejob.rb:9:in `perform'
  [1m[36mTestq Load (0.1ms)[0m  [1m[34mSELECT "testqs".* FROM "testqs" WHERE "testqs"."id" = ? LIMIT ?[0m  [["id", 4], ["LIMIT", 1]]
  ↳ app/jobs/simplejob.rb:6:in `perform'
  [1m[36mTRANSACTION (0.1ms)[0m  [1m[36mbegin transaction[0m
  ↳ app/jobs/simplejob.rb:9:in `perform'
  [1m[36mTestq Update (0.2ms)[0m  [1m[33mUPDATE "testqs" SET "commentq" = ?, "updated_at" = ? WHERE "testqs"."id" = ?[0m  [["commentq", "r, 0, 1, 2, 3, 4, 5, 6, 7, 8, 9"], ["updated_at", "2022-09-16 04:01:15.442449"], ["id", 4]]
  ↳ app/jobs/simplejob.rb:9:in `perform'
  [1m[36mTRANSACTION (10.7ms)[0m  [1m[36mcommit transaction[0m
  ↳ app/jobs/simplejob.rb:9:in `perform'
Started DELETE "/testqs/4" for 127.0.0.1 at 2022-09-16 11:02:00 +0700
  [1m[36mActiveRecord::SchemaMigration Pluck (0.1ms)[0m  [1m[34mSELECT "schema_migrations"."version" FROM "schema_migrations" ORDER BY "schema_migrations"."version" ASC[0m
Processing by TestqsController#destroy as TURBO_STREAM
  Parameters: {"authenticity_token"=>"[FILTERED]", "id"=>"4"}
  [1m[36mTestq Load (0.3ms)[0m  [1m[34mSELECT "testqs".* FROM "testqs" WHERE "testqs"."id" = ? LIMIT ?[0m  [["id", 4], ["LIMIT", 1]]
  ↳ app/controllers/testqs_controller.rb:68:in `set_testq'
  [1m[36mTRANSACTION (0.1ms)[0m  [1m[36mbegin transaction[0m
  ↳ app/controllers/testqs_controller.rb:57:in `destroy'
  [1m[36mTestq Destroy (0.3ms)[0m  [1m[31mDELETE FROM "testqs" WHERE "testqs"."id" = ?[0m  [["id", 4]]
  ↳ app/controllers/testqs_controller.rb:57:in `destroy'
  [1m[36mTRANSACTION (14.2ms)[0m  [1m[36mcommit transaction[0m
  ↳ app/controllers/testqs_controller.rb:57:in `destroy'
Redirected to http://127.0.0.1:3000/testqs
Completed 302 Found in 49ms (ActiveRecord: 15.3ms | Allocations: 22365)


Started GET "/testqs" for 127.0.0.1 at 2022-09-16 11:02:00 +0700
Processing by TestqsController#index as TURBO_STREAM
  Rendering layout layouts/application.html.erb
  Rendering testqs/index.html.erb within layouts/application
  [1m[36mTestq Load (0.1ms)[0m  [1m[34mSELECT "testqs".* FROM "testqs"[0m
  ↳ app/views/testqs/index.html.erb:6
  Rendered testqs/index.html.erb within layouts/application (Duration: 2.1ms | Allocations: 1266)
  Rendered layout layouts/application.html.erb (Duration: 37.5ms | Allocations: 34569)
Completed 200 OK in 47ms (Views: 39.6ms | ActiveRecord: 0.1ms | Allocations: 37186)


Started GET "/testqs/new" for 127.0.0.1 at 2022-09-16 11:02:02 +0700
Processing by TestqsController#new as HTML
  Rendering layout layouts/application.html.erb
  Rendering testqs/new.html.erb within layouts/application
  Rendered testqs/_form.html.erb (Duration: 11.9ms | Allocations: 3761)
  Rendered testqs/new.html.erb within layouts/application (Duration: 13.3ms | Allocations: 4048)
  Rendered layout layouts/application.html.erb (Duration: 16.9ms | Allocations: 6223)
Completed 200 OK in 18ms (Views: 17.6ms | ActiveRecord: 0.0ms | Allocations: 6550)


Started POST "/testqs" for 127.0.0.1 at 2022-09-16 11:02:06 +0700
Processing by TestqsController#create as TURBO_STREAM
  Parameters: {"authenticity_token"=>"[FILTERED]", "testq"=>{"countq"=>"10", "nowq"=>"", "commentq"=>"e"}, "commit"=>"Create Testq"}
  [1m[36mTRANSACTION (0.1ms)[0m  [1m[36mbegin transaction[0m
  ↳ app/controllers/testqs_controller.rb:27:in `block in create'
  [1m[36mTestq Create (0.5ms)[0m  [1m[32mINSERT INTO "testqs" ("countq", "nowq", "commentq", "created_at", "updated_at") VALUES (?, ?, ?, ?, ?)[0m  [["countq", 10], ["nowq", nil], ["commentq", "e"], ["created_at", "2022-09-16 04:02:06.821009"], ["updated_at", "2022-09-16 04:02:06.821009"]]
  ↳ app/controllers/testqs_controller.rb:27:in `block in create'
  [1m[36mTRANSACTION (4.9ms)[0m  [1m[36mcommit transaction[0m
  ↳ app/controllers/testqs_controller.rb:27:in `block in create'
Redirected to http://127.0.0.1:3000/testqs/5
Completed 302 Found in 20ms (ActiveRecord: 5.5ms | Allocations: 4979)


Started GET "/testqs/5" for 127.0.0.1 at 2022-09-16 11:02:06 +0700
Processing by TestqsController#show as TURBO_STREAM
  Parameters: {"id"=>"5"}
  [1m[36mTestq Load (0.1ms)[0m  [1m[34mSELECT "testqs".* FROM "testqs" WHERE "testqs"."id" = ? LIMIT ?[0m  [["id", 5], ["LIMIT", 1]]
  ↳ app/controllers/testqs_controller.rb:68:in `set_testq'
  Rendering layout layouts/application.html.erb
  Rendering testqs/show.html.erb within layouts/application
  Rendered testqs/_testq.html.erb (Duration: 0.5ms | Allocations: 215)
  Rendered testqs/show.html.erb within layouts/application (Duration: 2.6ms | Allocations: 1360)
  Rendered layout layouts/application.html.erb (Duration: 4.7ms | Allocations: 3526)
Completed 200 OK in 6ms (Views: 5.1ms | ActiveRecord: 0.1ms | Allocations: 4293)


  [1m[36mTestq Load (0.1ms)[0m  [1m[34mSELECT "testqs".* FROM "testqs" WHERE "testqs"."id" = ? LIMIT ?[0m  [["id", 5], ["LIMIT", 1]]
  ↳ app/jobs/simplejob.rb:6:in `perform'
  [1m[36mTRANSACTION (0.1ms)[0m  [1m[36mbegin transaction[0m
  ↳ app/jobs/simplejob.rb:9:in `perform'
  [1m[36mTestq Update (0.2ms)[0m  [1m[33mUPDATE "testqs" SET "commentq" = ?, "updated_at" = ? WHERE "testqs"."id" = ?[0m  [["commentq", "e, 0"], ["updated_at", "2022-09-16 04:02:07.244889"], ["id", 5]]
  ↳ app/jobs/simplejob.rb:9:in `perform'
  [1m[36mTRANSACTION (7.1ms)[0m  [1m[36mcommit transaction[0m
  ↳ app/jobs/simplejob.rb:9:in `perform'
  [1m[36mTestq Load (0.2ms)[0m  [1m[34mSELECT "testqs".* FROM "testqs" WHERE "testqs"."id" = ? LIMIT ?[0m  [["id", 5], ["LIMIT", 1]]
  ↳ app/jobs/simplejob.rb:6:in `perform'
  [1m[36mTRANSACTION (0.1ms)[0m  [1m[36mbegin transaction[0m
  ↳ app/jobs/simplejob.rb:9:in `perform'
  [1m[36mTestq Update (0.2ms)[0m  [1m[33mUPDATE "testqs" SET "commentq" = ?, "updated_at" = ? WHERE "testqs"."id" = ?[0m  [["commentq", "e, 0, 1"], ["updated_at", "2022-09-16 04:02:11.526920"], ["id", 5]]
  ↳ app/jobs/simplejob.rb:9:in `perform'
  [1m[36mTRANSACTION (7.2ms)[0m  [1m[36mcommit transaction[0m
  ↳ app/jobs/simplejob.rb:9:in `perform'
  [1m[36mTestq Load (0.2ms)[0m  [1m[34mSELECT "testqs".* FROM "testqs" WHERE "testqs"."id" = ? LIMIT ?[0m  [["id", 5], ["LIMIT", 1]]
  ↳ app/jobs/simplejob.rb:6:in `perform'
  [1m[36mTRANSACTION (0.1ms)[0m  [1m[36mbegin transaction[0m
  ↳ app/jobs/simplejob.rb:9:in `perform'
  [1m[36mTestq Update (0.2ms)[0m  [1m[33mUPDATE "testqs" SET "commentq" = ?, "updated_at" = ? WHERE "testqs"."id" = ?[0m  [["commentq", "e, 0, 1, 2"], ["updated_at", "2022-09-16 04:02:13.850682"], ["id", 5]]
  ↳ app/jobs/simplejob.rb:9:in `perform'
  [1m[36mTRANSACTION (10.8ms)[0m  [1m[36mcommit transaction[0m
  ↳ app/jobs/simplejob.rb:9:in `perform'
  [1m[36mTestq Load (0.1ms)[0m  [1m[34mSELECT "testqs".* FROM "testqs" WHERE "testqs"."id" = ? LIMIT ?[0m  [["id", 5], ["LIMIT", 1]]
  ↳ app/jobs/simplejob.rb:6:in `perform'
  [1m[36mTRANSACTION (0.1ms)[0m  [1m[36mbegin transaction[0m
  ↳ app/jobs/simplejob.rb:9:in `perform'
  [1m[36mTestq Update (0.2ms)[0m  [1m[33mUPDATE "testqs" SET "commentq" = ?, "updated_at" = ? WHERE "testqs"."id" = ?[0m  [["commentq", "e, 0, 1, 2, 3"], ["updated_at", "2022-09-16 04:02:17.094341"], ["id", 5]]
  ↳ app/jobs/simplejob.rb:9:in `perform'
  [1m[36mTRANSACTION (6.5ms)[0m  [1m[36mcommit transaction[0m
  ↳ app/jobs/simplejob.rb:9:in `perform'
  [1m[36mTestq Load (0.1ms)[0m  [1m[34mSELECT "testqs".* FROM "testqs" WHERE "testqs"."id" = ? LIMIT ?[0m  [["id", 5], ["LIMIT", 1]]
  ↳ app/jobs/simplejob.rb:6:in `perform'
  [1m[36mTRANSACTION (0.1ms)[0m  [1m[36mbegin transaction[0m
  ↳ app/jobs/simplejob.rb:9:in `perform'
  [1m[36mTestq Update (0.2ms)[0m  [1m[33mUPDATE "testqs" SET "commentq" = ?, "updated_at" = ? WHERE "testqs"."id" = ?[0m  [["commentq", "e, 0, 1, 2, 3, 4"], ["updated_at", "2022-09-16 04:02:19.331189"], ["id", 5]]
  ↳ app/jobs/simplejob.rb:9:in `perform'
  [1m[36mTRANSACTION (7.3ms)[0m  [1m[36mcommit transaction[0m
  ↳ app/jobs/simplejob.rb:9:in `perform'
  [1m[36mTestq Load (0.2ms)[0m  [1m[34mSELECT "testqs".* FROM "testqs" WHERE "testqs"."id" = ? LIMIT ?[0m  [["id", 5], ["LIMIT", 1]]
  ↳ app/jobs/simplejob.rb:6:in `perform'
  [1m[36mTRANSACTION (0.1ms)[0m  [1m[36mbegin transaction[0m
  ↳ app/jobs/simplejob.rb:9:in `perform'
  [1m[36mTestq Update (0.2ms)[0m  [1m[33mUPDATE "testqs" SET "commentq" = ?, "updated_at" = ? WHERE "testqs"."id" = ?[0m  [["commentq", "e, 0, 1, 2, 3, 4, 5"], ["updated_at", "2022-09-16 04:02:20.680998"], ["id", 5]]
  ↳ app/jobs/simplejob.rb:9:in `perform'
  [1m[36mTRANSACTION (11.1ms)[0m  [1m[36mcommit transaction[0m
  ↳ app/jobs/simplejob.rb:9:in `perform'
  [1m[36mTestq Load (0.1ms)[0m  [1m[34mSELECT "testqs".* FROM "testqs" WHERE "testqs"."id" = ? LIMIT ?[0m  [["id", 5], ["LIMIT", 1]]
  ↳ app/jobs/simplejob.rb:6:in `perform'
  [1m[36mTRANSACTION (0.1ms)[0m  [1m[36mbegin transaction[0m
  ↳ app/jobs/simplejob.rb:9:in `perform'
  [1m[36mTestq Update (0.2ms)[0m  [1m[33mUPDATE "testqs" SET "commentq" = ?, "updated_at" = ? WHERE "testqs"."id" = ?[0m  [["commentq", "e, 0, 1, 2, 3, 4, 5, 6"], ["updated_at", "2022-09-16 04:02:22.938601"], ["id", 5]]
  ↳ app/jobs/simplejob.rb:9:in `perform'
  [1m[36mTRANSACTION (7.0ms)[0m  [1m[36mcommit transaction[0m
  ↳ app/jobs/simplejob.rb:9:in `perform'
  [1m[36mTestq Load (0.1ms)[0m  [1m[34mSELECT "testqs".* FROM "testqs" WHERE "testqs"."id" = ? LIMIT ?[0m  [["id", 5], ["LIMIT", 1]]
  ↳ app/jobs/simplejob.rb:6:in `perform'
  [1m[36mTRANSACTION (0.1ms)[0m  [1m[36mbegin transaction[0m
  ↳ app/jobs/simplejob.rb:9:in `perform'
  [1m[36mTestq Update (0.2ms)[0m  [1m[33mUPDATE "testqs" SET "commentq" = ?, "updated_at" = ? WHERE "testqs"."id" = ?[0m  [["commentq", "e, 0, 1, 2, 3, 4, 5, 6, 7"], ["updated_at", "2022-09-16 04:02:24.176371"], ["id", 5]]
  ↳ app/jobs/simplejob.rb:9:in `perform'
  [1m[36mTRANSACTION (10.7ms)[0m  [1m[36mcommit transaction[0m
  ↳ app/jobs/simplejob.rb:9:in `perform'
  [1m[36mTestq Load (0.1ms)[0m  [1m[34mSELECT "testqs".* FROM "testqs" WHERE "testqs"."id" = ? LIMIT ?[0m  [["id", 5], ["LIMIT", 1]]
  ↳ app/jobs/simplejob.rb:6:in `perform'
  [1m[36mTRANSACTION (0.1ms)[0m  [1m[36mbegin transaction[0m
  ↳ app/jobs/simplejob.rb:9:in `perform'
  [1m[36mTestq Update (0.2ms)[0m  [1m[33mUPDATE "testqs" SET "commentq" = ?, "updated_at" = ? WHERE "testqs"."id" = ?[0m  [["commentq", "e, 0, 1, 2, 3, 4, 5, 6, 7, 8"], ["updated_at", "2022-09-16 04:02:28.491203"], ["id", 5]]
  ↳ app/jobs/simplejob.rb:9:in `perform'
  [1m[36mTRANSACTION (10.9ms)[0m  [1m[36mcommit transaction[0m
  ↳ app/jobs/simplejob.rb:9:in `perform'
  [1m[36mTestq Load (0.2ms)[0m  [1m[34mSELECT "testqs".* FROM "testqs" WHERE "testqs"."id" = ? LIMIT ?[0m  [["id", 5], ["LIMIT", 1]]
  ↳ app/jobs/simplejob.rb:6:in `perform'
  [1m[36mTRANSACTION (0.1ms)[0m  [1m[36mbegin transaction[0m
  ↳ app/jobs/simplejob.rb:9:in `perform'
  [1m[36mTestq Update (0.2ms)[0m  [1m[33mUPDATE "testqs" SET "commentq" = ?, "updated_at" = ? WHERE "testqs"."id" = ?[0m  [["commentq", "e, 0, 1, 2, 3, 4, 5, 6, 7, 8, 9"], ["updated_at", "2022-09-16 04:02:32.729129"], ["id", 5]]
  ↳ app/jobs/simplejob.rb:9:in `perform'
  [1m[36mTRANSACTION (7.0ms)[0m  [1m[36mcommit transaction[0m
  ↳ app/jobs/simplejob.rb:9:in `perform'
